
> tienda-online-mysql@1.0.0 start
> node server.js

🔧 Conectando a BD: { host: 'localhost', user: 'root', database: 'tienda_online' }

╔════════════════════════════════════════════════════════════╗
║          ✅ SERVIDOR TIENDA ONLINE FUNCIONANDO           ║
╚════════════════════════════════════════════════════════════╝

🌐 URL Tienda:        http://localhost:3000
📊 API Productos:     http://localhost:3000/api/productos
👥 API Proveedores:   http://localhost:3000/api/proveedores
💰 API Precios:       http://localhost:3000/api/precios/producto/1
📦 API Entregas:      http://localhost:3000/api/entregas/producto/1
📈 Dashboard:         http://localhost:3000/api/dashboard

ENDPOINTS DISPONIBLES:
━━━━━━━━━━━━━━━━━━━━━━━━━━━━━━━━━━━━━━━━━━━━━━━━━━━━━━━━━

PRODUCTOS:
  GET /api/productos
  GET /api/productos/:id
  GET /api/productos/categoria/:categoria
  GET /api/deporte/:deporte

PROVEEDORES:
  GET /api/proveedores
  GET /api/proveedores/:id

PRECIOS:
  GET /api/precios/producto/:id
  GET /api/precios/proveedor/:id

ENTREGAS:
  GET /api/entregas/producto/:id

INVENTARIO:
  GET /api/inventario/producto/:id

INFORMACIÓN COMPLETA:
  GET /api/producto-completo/:id (Incluye todo)

DASHBOARD:
  GET /api/dashboard (Resumen estadísticas)

━━━━━━━━━━━━━━━━━━━━━━━━━━━━━━━━━━━━━━━━━━━━━━━━━━━━━━━━━

✅ BD inicializada correctamente
🔧 Conectando a BD: { host: 'localhost', user: 'root', database: 'tienda_online' }

╔════════════════════════════════════════════════════════════╗
║          ✅ SERVIDOR TIENDA ONLINE FUNCIONANDO           ║
╚════════════════════════════════════════════════════════════╝

🌐 URL Tienda:        http://localhost:3000
📊 API Productos:     http://localhost:3000/api/productos
👥 API Proveedores:   http://localhost:3000/api/proveedores
💰 API Precios:       http://localhost:3000/api/precios/producto/1
📦 API Entregas:      http://localhost:3000/api/entregas/producto/1
📈 Dashboard:         http://localhost:3000/api/dashboard

ENDPOINTS DISPONIBLES:
━━━━━━━━━━━━━━━━━━━━━━━━━━━━━━━━━━━━━━━━━━━━━━━━━━━━━━━━━

PRODUCTOS:
  GET /api/productos
  GET /api/productos/:id
  GET /api/productos/categoria/:categoria
  GET /api/deporte/:deporte

PROVEEDORES:
  GET /api/proveedores
  GET /api/proveedores/:id

PRECIOS:
  GET /api/precios/producto/:id
  GET /api/precios/proveedor/:id

ENTREGAS:
  GET /api/entregas/producto/:id

INVENTARIO:
  GET /api/inventario/producto/:id

INFORMACIÓN COMPLETA:
  GET /api/producto-completo/:id (Incluye todo)

DASHBOARD:
  GET /api/dashboard (Resumen estadísticas)

━━━━━━━━━━━━━━━━━━━━━━━━━━━━━━━━━━━━━━━━━━━━━━━━━━━━━━━━━

✅ BD inicializada correctamente
